<?xml version="1.0" encoding="UTF-8"?>
<!-- Generated by org.testng.reporters.JUnitXMLReporter -->
<testsuite hostname="DESKTOP-K1JN5RH" ignored="0" name="Default test" tests="3" failures="0" timestamp="31 Oct 2019 18:33:58 GMT" time="52.143" errors="0">
  <testcase name="verifyLogintest" time="1.032" classname="com.qa.Illuminate.TestScripts.LoginTest"/>
  <testcase name="verifyLogintest" time="0.613" classname="com.qa.Illuminate.TestScripts.LoginTest"/>
  <testcase name="verifyLogintest" time="0.588" classname="com.qa.Illuminate.TestScripts.LoginTest"/>
</testsuite> <!-- Default test -->
