<?xml version="1.0" encoding="UTF-8"?>
<testng-results skipped="0" failed="0" ignored="0" total="3" passed="3">
  <reporter-output>
  </reporter-output>
  <suite name="Default suite" duration-ms="52143" started-at="2019-10-31T18:33:06Z" finished-at="2019-10-31T18:33:58Z">
    <groups>
    </groups>
    <test name="Default test" duration-ms="52143" started-at="2019-10-31T18:33:06Z" finished-at="2019-10-31T18:33:58Z">
      <class name="com.qa.Illuminate.TestScripts.LoginTest">
        <test-method status="PASS" signature="Setup()[pri:0, instance:com.qa.Illuminate.TestScripts.LoginTest@4dfa3a9d]" name="Setup" is-config="true" duration-ms="18987" started-at="2019-10-31T18:33:07Z" finished-at="2019-10-31T18:33:26Z">
          <reporter-output>
          </reporter-output>
        </test-method> <!-- Setup -->
        <test-method status="PASS" signature="verifyLogintest(java.lang.String, java.lang.String)[pri:0, instance:com.qa.Illuminate.TestScripts.LoginTest@4dfa3a9d]" name="verifyLogintest" duration-ms="1032" started-at="2019-10-31T18:33:26Z" data-provider="getTestLoginData" finished-at="2019-10-31T18:33:27Z">
          <params>
            <param index="0">
              <value>
                <![CDATA[abhilashreddy]]>
              </value>
            </param>
            <param index="1">
              <value>
                <![CDATA[abhi124]]>
              </value>
            </param>
          </params>
          <reporter-output>
          </reporter-output>
        </test-method> <!-- verifyLogintest -->
        <test-method status="PASS" signature="tearDown()[pri:0, instance:com.qa.Illuminate.TestScripts.LoginTest@4dfa3a9d]" name="tearDown" is-config="true" duration-ms="1282" started-at="2019-10-31T18:33:27Z" finished-at="2019-10-31T18:33:28Z">
          <reporter-output>
          </reporter-output>
        </test-method> <!-- tearDown -->
        <test-method status="PASS" signature="Setup()[pri:0, instance:com.qa.Illuminate.TestScripts.LoginTest@4dfa3a9d]" name="Setup" is-config="true" duration-ms="13363" started-at="2019-10-31T18:33:28Z" finished-at="2019-10-31T18:33:42Z">
          <reporter-output>
          </reporter-output>
        </test-method> <!-- Setup -->
        <test-method status="PASS" signature="verifyLogintest(java.lang.String, java.lang.String)[pri:0, instance:com.qa.Illuminate.TestScripts.LoginTest@4dfa3a9d]" name="verifyLogintest" duration-ms="613" started-at="2019-10-31T18:33:42Z" data-provider="getTestLoginData" finished-at="2019-10-31T18:33:42Z">
          <params>
            <param index="0">
              <value>
                <![CDATA[abhilashreddy]]>
              </value>
            </param>
            <param index="1">
              <value>
                <![CDATA[abhi124]]>
              </value>
            </param>
          </params>
          <reporter-output>
          </reporter-output>
        </test-method> <!-- verifyLogintest -->
        <test-method status="PASS" signature="tearDown()[pri:0, instance:com.qa.Illuminate.TestScripts.LoginTest@4dfa3a9d]" name="tearDown" is-config="true" duration-ms="827" started-at="2019-10-31T18:33:42Z" finished-at="2019-10-31T18:33:43Z">
          <reporter-output>
          </reporter-output>
        </test-method> <!-- tearDown -->
        <test-method status="PASS" signature="Setup()[pri:0, instance:com.qa.Illuminate.TestScripts.LoginTest@4dfa3a9d]" name="Setup" is-config="true" duration-ms="13194" started-at="2019-10-31T18:33:43Z" finished-at="2019-10-31T18:33:56Z">
          <reporter-output>
          </reporter-output>
        </test-method> <!-- Setup -->
        <test-method status="PASS" signature="verifyLogintest(java.lang.String, java.lang.String)[pri:0, instance:com.qa.Illuminate.TestScripts.LoginTest@4dfa3a9d]" name="verifyLogintest" duration-ms="588" started-at="2019-10-31T18:33:56Z" data-provider="getTestLoginData" finished-at="2019-10-31T18:33:57Z">
          <params>
            <param index="0">
              <value>
                <![CDATA[abhilashreddy]]>
              </value>
            </param>
            <param index="1">
              <value>
                <![CDATA[abhi124]]>
              </value>
            </param>
          </params>
          <reporter-output>
          </reporter-output>
        </test-method> <!-- verifyLogintest -->
        <test-method status="PASS" signature="tearDown()[pri:0, instance:com.qa.Illuminate.TestScripts.LoginTest@4dfa3a9d]" name="tearDown" is-config="true" duration-ms="994" started-at="2019-10-31T18:33:57Z" finished-at="2019-10-31T18:33:58Z">
          <reporter-output>
          </reporter-output>
        </test-method> <!-- tearDown -->
      </class> <!-- com.qa.Illuminate.TestScripts.LoginTest -->
    </test> <!-- Default test -->
  </suite> <!-- Default suite -->
</testng-results>
